     1 00000000                                 [FORMAT "WCOFF"]
     2 00000000                                 [INSTRSET "i486p"]
     3 00000000                                 [OPTIMIZE 1]
     4 00000000                                 [OPTION 1]
     5 00000000                                 [BITS 32]
     6 00000000                                 	EXTERN	_init_gdtidt
     7 00000000                                 	EXTERN	_init_pic
     8 00000000                                 	EXTERN	_io_sti
     9 00000000                                 	EXTERN	_init_pit
    10 00000000                                 	EXTERN	_Allow_InterruptMask
    11 00000000                                 	EXTERN	_memtest
    12 00000000                                 	EXTERN	_memman_init
    13 00000000                                 	EXTERN	_memman_free
    14 00000000                                 	EXTERN	_memman_alloc_4K
    15 00000000                                 	EXTERN	_init_palette
    16 00000000                                 	EXTERN	_sheet
    17 00000000                                 	EXTERN	_fifo32_init
    18 00000000                                 	EXTERN	_init_keyboard
    19 00000000                                 	EXTERN	_enable_mouse
    20 00000000                                 	EXTERN	_fifo32_put
    21 00000000                                 	EXTERN	_Command_int
    22 00000000                                 	EXTERN	_timer_alloc
    23 00000000                                 	EXTERN	_timer_init
    24 00000000                                 	EXTERN	_timer_settime
    25 00000000                                 	EXTERN	_task_init
    26 00000000                                 	EXTERN	_task_run
    27 00000000                                 	EXTERN	_Make_Win1
    28 00000000                                 	EXTERN	_Sel_window
    29 00000000                                 	EXTERN	_Make_Console
    30 00000000                                 	EXTERN	_task_alloc
    31 00000000                                 	EXTERN	_console_task
    32 00000000                                 	EXTERN	_updown_mouse
    33 00000000                                 	EXTERN	_fifo32_status
    34 00000000                                 	EXTERN	_io_cli
    35 00000000                                 	EXTERN	_fifo32_get
    36 00000000                                 	EXTERN	_boxfill8
    37 00000000                                 	EXTERN	_sheet_refresh
    38 00000000                                 	EXTERN	_mouse_decode
    39 00000000                                 	EXTERN	_sheet_slide
    40 00000000                                 	EXTERN	_keytable0.1
    41 00000000                                 	EXTERN	_putfonts8_asc_sht
    42 00000000                                 	EXTERN	_wait_KBC_sendready
    43 00000000                                 	EXTERN	_io_out8
    44 00000000                                 	EXTERN	_cons_putstr
    45 00000000                                 	EXTERN	_asm_end_app
    46 00000000                                 	EXTERN	_Sel_Console
    47 00000000                                 	EXTERN	_keytable1.2
    48 00000000                                 	EXTERN	_task_sleep
    49 00000000                                 	EXTERN	_sprintf
    50 00000000                                 [FILE "bootpack.c"]
    51                                          [SECTION .data]
    52 00000000                                 _keytable.0:
    53 00000000 00                              	DB	0
    54 00000001 00                              	DB	0
    55 00000002 31                              	DB	49
    56 00000003 32                              	DB	50
    57 00000004 33                              	DB	51
    58 00000005 34                              	DB	52
    59 00000006 35                              	DB	53
    60 00000007 36                              	DB	54
    61 00000008 37                              	DB	55
    62 00000009 38                              	DB	56
    63 0000000A 39                              	DB	57
    64 0000000B 30                              	DB	48
    65 0000000C 2D                              	DB	45
    66 0000000D 5E                              	DB	94
    67 0000000E 00                              	DB	0
    68 0000000F 00                              	DB	0
    69 00000010 51                              	DB	81
    70 00000011 57                              	DB	87
    71 00000012 45                              	DB	69
    72 00000013 52                              	DB	82
    73 00000014 54                              	DB	84
    74 00000015 59                              	DB	89
    75 00000016 55                              	DB	85
    76 00000017 49                              	DB	73
    77 00000018 4F                              	DB	79
    78 00000019 50                              	DB	80
    79 0000001A 40                              	DB	64
    80 0000001B 5B                              	DB	91
    81 0000001C 00                              	DB	0
    82 0000001D 00                              	DB	0
    83 0000001E 41                              	DB	65
    84 0000001F 53                              	DB	83
    85 00000020 44                              	DB	68
    86 00000021 46                              	DB	70
    87 00000022 47                              	DB	71
    88 00000023 48                              	DB	72
    89 00000024 4A                              	DB	74
    90 00000025 4B                              	DB	75
    91 00000026 4C                              	DB	76
    92 00000027 3B                              	DB	59
    93 00000028 3A                              	DB	58
    94 00000029 00                              	DB	0
    95 0000002A 00                              	DB	0
    96 0000002B 5D                              	DB	93
    97 0000002C 5A                              	DB	90
    98 0000002D 58                              	DB	88
    99 0000002E 43                              	DB	67
   100 0000002F 56                              	DB	86
   101 00000030 42                              	DB	66
   102 00000031 4E                              	DB	78
   103 00000032 4D                              	DB	77
   104 00000033 2C                              	DB	44
   105 00000034 2E                              	DB	46
   106 00000035 2F                              	DB	47
   107 00000036 00                              	DB	0
   108 00000037 2A                              	DB	42
   109 00000038 00                              	DB	0
   110 00000039 20                              	DB	32
   111 0000003A 00                              	DB	0
   112 0000003B 00                              	DB	0
   113 0000003C 00                              	DB	0
   114 0000003D 00                              	DB	0
   115 0000003E 00                              	DB	0
   116 0000003F 00                              	DB	0
   117 00000040 00                              	DB	0
   118 00000041 00                              	DB	0
   119 00000042 00                              	DB	0
   120 00000043 00                              	DB	0
   121 00000044 00                              	DB	0
   122 00000045 00                              	DB	0
   123 00000046 00                              	DB	0
   124 00000047 37                              	DB	55
   125 00000048 38                              	DB	56
   126 00000049 39                              	DB	57
   127 0000004A 2D                              	DB	45
   128 0000004B 34                              	DB	52
   129 0000004C 35                              	DB	53
   130 0000004D 36                              	DB	54
   131 0000004E 2B                              	DB	43
   132 0000004F 31                              	DB	49
   133 00000050 32                              	DB	50
   134 00000051 33                              	DB	51
   135 00000052 30                              	DB	48
   136 00000053 2E                              	DB	46
   137 00000054                                 _keytable0.1:
   138 00000054 00                              	DB	0
   139 00000055 00                              	DB	0
   140 00000056 31                              	DB	49
   141 00000057 32                              	DB	50
   142 00000058 33                              	DB	51
   143 00000059 34                              	DB	52
   144 0000005A 35                              	DB	53
   145 0000005B 36                              	DB	54
   146 0000005C 37                              	DB	55
   147 0000005D 38                              	DB	56
   148 0000005E 39                              	DB	57
   149 0000005F 30                              	DB	48
   150 00000060 2D                              	DB	45
   151 00000061 5E                              	DB	94
   152 00000062 00                              	DB	0
   153 00000063 00                              	DB	0
   154 00000064 51                              	DB	81
   155 00000065 57                              	DB	87
   156 00000066 45                              	DB	69
   157 00000067 52                              	DB	82
   158 00000068 54                              	DB	84
   159 00000069 59                              	DB	89
   160 0000006A 55                              	DB	85
   161 0000006B 49                              	DB	73
   162 0000006C 4F                              	DB	79
   163 0000006D 50                              	DB	80
   164 0000006E 40                              	DB	64
   165 0000006F 5B                              	DB	91
   166 00000070 00                              	DB	0
   167 00000071 00                              	DB	0
   168 00000072 41                              	DB	65
   169 00000073 53                              	DB	83
   170 00000074 44                              	DB	68
   171 00000075 46                              	DB	70
   172 00000076 47                              	DB	71
   173 00000077 48                              	DB	72
   174 00000078 4A                              	DB	74
   175 00000079 4B                              	DB	75
   176 0000007A 4C                              	DB	76
   177 0000007B 3B                              	DB	59
   178 0000007C 3A                              	DB	58
   179 0000007D 00                              	DB	0
   180 0000007E 00                              	DB	0
   181 0000007F 5D                              	DB	93
   182 00000080 5A                              	DB	90
   183 00000081 58                              	DB	88
   184 00000082 43                              	DB	67
   185 00000083 56                              	DB	86
   186 00000084 42                              	DB	66
   187 00000085 4E                              	DB	78
   188 00000086 4D                              	DB	77
   189 00000087 2C                              	DB	44
   190 00000088 2E                              	DB	46
   191 00000089 2F                              	DB	47
   192 0000008A 00                              	DB	0
   193 0000008B 2A                              	DB	42
   194 0000008C 00                              	DB	0
   195 0000008D 20                              	DB	32
   196 0000008E 00                              	DB	0
   197 0000008F 00                              	DB	0
   198 00000090 00                              	DB	0
   199 00000091 00                              	DB	0
   200 00000092 00                              	DB	0
   201 00000093 00                              	DB	0
   202 00000094 00                              	DB	0
   203 00000095 00                              	DB	0
   204 00000096 00                              	DB	0
   205 00000097 00                              	DB	0
   206 00000098 00                              	DB	0
   207 00000099 00                              	DB	0
   208 0000009A 00                              	DB	0
   209 0000009B 37                              	DB	55
   210 0000009C 38                              	DB	56
   211 0000009D 39                              	DB	57
   212 0000009E 2D                              	DB	45
   213 0000009F 34                              	DB	52
   214 000000A0 35                              	DB	53
   215 000000A1 36                              	DB	54
   216 000000A2 2B                              	DB	43
   217 000000A3 31                              	DB	49
   218 000000A4 32                              	DB	50
   219 000000A5 33                              	DB	51
   220 000000A6 30                              	DB	48
   221 000000A7 2E                              	DB	46
   222 000000A8 00                              	DB	0
   223 000000A9 00                              	DB	0
   224 000000AA 00                              	DB	0
   225 000000AB 00                              	DB	0
   226 000000AC 00                              	DB	0
   227 000000AD 00                              	DB	0
   228 000000AE 00                              	DB	0
   229 000000AF 00                              	DB	0
   230 000000B0 00                              	DB	0
   231 000000B1 00                              	DB	0
   232 000000B2 00                              	DB	0
   233 000000B3 00                              	DB	0
   234 000000B4 00                              	DB	0
   235 000000B5 00                              	DB	0
   236 000000B6 00                              	DB	0
   237 000000B7 00                              	DB	0
   238 000000B8 00                              	DB	0
   239 000000B9 00                              	DB	0
   240 000000BA 00                              	DB	0
   241 000000BB 00                              	DB	0
   242 000000BC 00                              	DB	0
   243 000000BD 00                              	DB	0
   244 000000BE 00                              	DB	0
   245 000000BF 00                              	DB	0
   246 000000C0 00                              	DB	0
   247 000000C1 00                              	DB	0
   248 000000C2 00                              	DB	0
   249 000000C3 00                              	DB	0
   250 000000C4 00                              	DB	0
   251 000000C5 00                              	DB	0
   252 000000C6 00                              	DB	0
   253 000000C7 5C                              	DB	92
   254 000000C8 00                              	DB	0
   255 000000C9 00                              	DB	0
   256 000000CA 00                              	DB	0
   257 000000CB 00                              	DB	0
   258 000000CC 00                              	DB	0
   259 000000CD 00                              	DB	0
   260 000000CE 00                              	DB	0
   261 000000CF 00                              	DB	0
   262 000000D0 00                              	DB	0
   263 000000D1 5C                              	DB	92
   264 000000D2 00                              	DB	0
   265 000000D3 00                              	DB	0
   266 000000D4                                 _keytable1.2:
   267 000000D4 00                              	DB	0
   268 000000D5 00                              	DB	0
   269 000000D6 21                              	DB	33
   270 000000D7 22                              	DB	34
   271 000000D8 23                              	DB	35
   272 000000D9 24                              	DB	36
   273 000000DA 25                              	DB	37
   274 000000DB 26                              	DB	38
   275 000000DC 27                              	DB	39
   276 000000DD 28                              	DB	40
   277 000000DE 29                              	DB	41
   278 000000DF 7E                              	DB	126
   279 000000E0 3D                              	DB	61
   280 000000E1 7E                              	DB	126
   281 000000E2 00                              	DB	0
   282 000000E3 00                              	DB	0
   283 000000E4 51                              	DB	81
   284 000000E5 57                              	DB	87
   285 000000E6 45                              	DB	69
   286 000000E7 52                              	DB	82
   287 000000E8 54                              	DB	84
   288 000000E9 59                              	DB	89
   289 000000EA 55                              	DB	85
   290 000000EB 49                              	DB	73
   291 000000EC 4F                              	DB	79
   292 000000ED 50                              	DB	80
   293 000000EE 60                              	DB	96
   294 000000EF 7B                              	DB	123
   295 000000F0 00                              	DB	0
   296 000000F1 00                              	DB	0
   297 000000F2 41                              	DB	65
   298 000000F3 53                              	DB	83
   299 000000F4 44                              	DB	68
   300 000000F5 46                              	DB	70
   301 000000F6 47                              	DB	71
   302 000000F7 48                              	DB	72
   303 000000F8 4A                              	DB	74
   304 000000F9 4B                              	DB	75
   305 000000FA 4C                              	DB	76
   306 000000FB 2B                              	DB	43
   307 000000FC 2A                              	DB	42
   308 000000FD 00                              	DB	0
   309 000000FE 00                              	DB	0
   310 000000FF 7D                              	DB	125
   311 00000100 5A                              	DB	90
   312 00000101 58                              	DB	88
   313 00000102 43                              	DB	67
   314 00000103 56                              	DB	86
   315 00000104 42                              	DB	66
   316 00000105 4E                              	DB	78
   317 00000106 4D                              	DB	77
   318 00000107 3C                              	DB	60
   319 00000108 3E                              	DB	62
   320 00000109 3F                              	DB	63
   321 0000010A 00                              	DB	0
   322 0000010B 2A                              	DB	42
   323 0000010C 00                              	DB	0
   324 0000010D 20                              	DB	32
   325 0000010E 00                              	DB	0
   326 0000010F 00                              	DB	0
   327 00000110 00                              	DB	0
   328 00000111 00                              	DB	0
   329 00000112 00                              	DB	0
   330 00000113 00                              	DB	0
   331 00000114 00                              	DB	0
   332 00000115 00                              	DB	0
   333 00000116 00                              	DB	0
   334 00000117 00                              	DB	0
   335 00000118 00                              	DB	0
   336 00000119 00                              	DB	0
   337 0000011A 00                              	DB	0
   338 0000011B 37                              	DB	55
   339 0000011C 38                              	DB	56
   340 0000011D 39                              	DB	57
   341 0000011E 2D                              	DB	45
   342 0000011F 34                              	DB	52
   343 00000120 35                              	DB	53
   344 00000121 36                              	DB	54
   345 00000122 2B                              	DB	43
   346 00000123 31                              	DB	49
   347 00000124 32                              	DB	50
   348 00000125 33                              	DB	51
   349 00000126 30                              	DB	48
   350 00000127 2E                              	DB	46
   351 00000128 00                              	DB	0
   352 00000129 00                              	DB	0
   353 0000012A 00                              	DB	0
   354 0000012B 00                              	DB	0
   355 0000012C 00                              	DB	0
   356 0000012D 00                              	DB	0
   357 0000012E 00                              	DB	0
   358 0000012F 00                              	DB	0
   359 00000130 00                              	DB	0
   360 00000131 00                              	DB	0
   361 00000132 00                              	DB	0
   362 00000133 00                              	DB	0
   363 00000134 00                              	DB	0
   364 00000135 00                              	DB	0
   365 00000136 00                              	DB	0
   366 00000137 00                              	DB	0
   367 00000138 00                              	DB	0
   368 00000139 00                              	DB	0
   369 0000013A 00                              	DB	0
   370 0000013B 00                              	DB	0
   371 0000013C 00                              	DB	0
   372 0000013D 00                              	DB	0
   373 0000013E 00                              	DB	0
   374 0000013F 00                              	DB	0
   375 00000140 00                              	DB	0
   376 00000141 00                              	DB	0
   377 00000142 00                              	DB	0
   378 00000143 00                              	DB	0
   379 00000144 00                              	DB	0
   380 00000145 00                              	DB	0
   381 00000146 00                              	DB	0
   382 00000147 5F                              	DB	95
   383 00000148 00                              	DB	0
   384 00000149 00                              	DB	0
   385 0000014A 00                              	DB	0
   386 0000014B 00                              	DB	0
   387 0000014C 00                              	DB	0
   388 0000014D 00                              	DB	0
   389 0000014E 00                              	DB	0
   390 0000014F 00                              	DB	0
   391 00000150 00                              	DB	0
   392 00000151 7C                              	DB	124
   393 00000152 00                              	DB	0
   394 00000153 00                              	DB	0
   395 00000154                                 LC1:
   396 00000154 0A 42 72 65 61 6B 28 6B 65 79   	DB	0x0A,"Break(key) :",0x0A,0x00
       0000015E 29 20 3A 0A 00 
   397 00000163                                 LC0:
   398 00000163 20 00                           	DB	" ",0x00
   399                                          [SECTION .text]
   400 00000000                                 	GLOBAL	_HariMain
   401 00000000                                 _HariMain:
   402 00000000 55                              	PUSH	EBP
   403 00000001 89 E5                           	MOV	EBP,ESP
   404 00000003 57                              	PUSH	EDI
   405 00000004 56                              	PUSH	ESI
   406 00000005 53                              	PUSH	EBX
   407 00000006 8D 75 D4                        	LEA	ESI,DWORD [-44+EBP]
   408 00000009 81 EC 00000398                  	SUB	ESP,920
   409 0000000F 8D 5D B4                        	LEA	EBX,DWORD [-76+EBP]
   410 00000012 E8 [00000000]                   	CALL	_init_gdtidt
   411 00000017 E8 [00000000]                   	CALL	_init_pic
   412 0000001C E8 [00000000]                   	CALL	_io_sti
   413 00000021 E8 [00000000]                   	CALL	_init_pit
   414 00000026 E8 [00000000]                   	CALL	_Allow_InterruptMask
   415 0000002B 68 BFFFFFFF                     	PUSH	-1073741825
   416 00000030 68 00400000                     	PUSH	4194304
   417 00000035 C7 05 [0000016C] 003C0000       	MOV	DWORD [_memman],3932160
   418 0000003F E8 [00000000]                   	CALL	_memtest
   419 00000044 FF 35 [0000016C]                	PUSH	DWORD [_memman]
   420 0000004A 89 85 FFFFFC8C                  	MOV	DWORD [-884+EBP],EAX
   421 00000050 A3 [00000170]                   	MOV	DWORD [_mem_total],EAX
   422 00000055 E8 [00000000]                   	CALL	_memman_init
   423 0000005A 68 0009E000                     	PUSH	647168
   424 0000005F 68 00001000                     	PUSH	4096
   425 00000064 FF 35 [0000016C]                	PUSH	DWORD [_memman]
   426 0000006A E8 [00000000]                   	CALL	_memman_free
   427 0000006F 8B 85 FFFFFC8C                  	MOV	EAX,DWORD [-884+EBP]
   428 00000075 2D 00400000                     	SUB	EAX,4194304
   429 0000007A 50                              	PUSH	EAX
   430 0000007B 68 00400000                     	PUSH	4194304
   431 00000080 FF 35 [0000016C]                	PUSH	DWORD [_memman]
   432 00000086 E8 [00000000]                   	CALL	_memman_free
   433 0000008B 83 C4 24                        	ADD	ESP,36
   434 0000008E 68 00000E08                     	PUSH	3592
   435 00000093 FF 35 [0000016C]                	PUSH	DWORD [_memman]
   436 00000099 E8 [00000000]                   	CALL	_memman_alloc_4K
   437 0000009E 89 85 FFFFFC90                  	MOV	DWORD [-880+EBP],EAX
   438 000000A4 E8 [00000000]                   	CALL	_init_palette
   439 000000A9 0F BF 05 00000FF6               	MOVSX	EAX,WORD [4086]
   440 000000B0 50                              	PUSH	EAX
   441 000000B1 0F BF 05 00000FF4               	MOVSX	EAX,WORD [4084]
   442 000000B8 50                              	PUSH	EAX
   443 000000B9 FF 35 00000FF8                  	PUSH	DWORD [4088]
   444 000000BF FF 35 [0000016C]                	PUSH	DWORD [_memman]
   445 000000C5 FF B5 FFFFFC90                  	PUSH	DWORD [-880+EBP]
   446 000000CB E8 [00000000]                   	CALL	_sheet
   447 000000D0 8B 95 FFFFFC90                  	MOV	EDX,DWORD [-880+EBP]
   448 000000D6 8B 02                           	MOV	EAX,DWORD [EDX]
   449 000000D8 A3 00000FE4                     	MOV	DWORD [4068],EAX
   450 000000DD 8D 85 FFFFFDB4                  	LEA	EAX,DWORD [-588+EBP]
   451 000000E3 6A 00                           	PUSH	0
   452 000000E5 50                              	PUSH	EAX
   453 000000E6 68 00000080                     	PUSH	128
   454 000000EB 56                              	PUSH	ESI
   455 000000EC E8 [00000000]                   	CALL	_fifo32_init
   456 000000F1 8D 85 FFFFFD34                  	LEA	EAX,DWORD [-716+EBP]
   457 000000F7 83 C4 2C                        	ADD	ESP,44
   458 000000FA 6A 00                           	PUSH	0
   459 000000FC 50                              	PUSH	EAX
   460 000000FD 6A 20                           	PUSH	32
   461 000000FF 53                              	PUSH	EBX
   462 00000100 E8 [00000000]                   	CALL	_fifo32_init
   463 00000105 68 00000100                     	PUSH	256
   464 0000010A 56                              	PUSH	ESI
   465 0000010B E8 [00000000]                   	CALL	_init_keyboard
   466 00000110 8D 85 FFFFFD24                  	LEA	EAX,DWORD [-732+EBP]
   467 00000116 50                              	PUSH	EAX
   468 00000117 68 00000200                     	PUSH	512
   469 0000011C 56                              	PUSH	ESI
   470 0000011D E8 [00000000]                   	CALL	_enable_mouse
   471 00000122 83 C4 24                        	ADD	ESP,36
   472 00000125 8B BD FFFFFC90                  	MOV	EDI,DWORD [-880+EBP]
   473 0000012B C7 85 FFFFFC7C 00000000         	MOV	DWORD [-900+EBP],0
   474 00000135 8B 0F                           	MOV	ECX,DWORD [EDI]
   475 00000137 BF 00000002                     	MOV	EDI,2
   476 0000013C C7 85 FFFFFC78 00000000         	MOV	DWORD [-904+EBP],0
   477 00000146 8B 51 08                        	MOV	EDX,DWORD [8+ECX]
   478 00000149 83 EA 10                        	SUB	EDX,16
   479 0000014C 89 D0                           	MOV	EAX,EDX
   480 0000014E 99                              	CDQ
   481 0000014F F7 FF                           	IDIV	EDI
   482 00000151 8B 51 0C                        	MOV	EDX,DWORD [12+ECX]
   483 00000154 89 85 FFFFFC88                  	MOV	DWORD [-888+EBP],EAX
   484 0000015A 83 EA 2C                        	SUB	EDX,44
   485 0000015D 89 D0                           	MOV	EAX,EDX
   486 0000015F 99                              	CDQ
   487 00000160 F7 FF                           	IDIV	EDI
   488 00000162 8B 95 FFFFFC90                  	MOV	EDX,DWORD [-880+EBP]
   489 00000168 89 85 FFFFFC84                  	MOV	DWORD [-892+EBP],EAX
   490 0000016E 83 C2 20                        	ADD	EDX,32
   491 00000171 89 95 FFFFFC80                  	MOV	DWORD [-896+EBP],EDX
   492 00000177 A0 00000FF1                     	MOV	AL,BYTE [4081]
   493 0000017C 68 000000ED                     	PUSH	237
   494 00000181 C0 F8 04                        	SAR	AL,4
   495 00000184 53                              	PUSH	EBX
   496 00000185 89 C1                           	MOV	ECX,EAX
   497 00000187 83 E1 07                        	AND	ECX,7
   498 0000018A 89 8D FFFFFC74                  	MOV	DWORD [-908+EBP],ECX
   499 00000190 C7 85 FFFFFC70 FFFFFFFF         	MOV	DWORD [-912+EBP],-1
   500 0000019A C7 85 FFFFFC6C 00000000         	MOV	DWORD [-916+EBP],0
   501 000001A4 E8 [00000000]                   	CALL	_fifo32_put
   502 000001A9 FF B5 FFFFFC74                  	PUSH	DWORD [-908+EBP]
   503 000001AF 53                              	PUSH	EBX
   504 000001B0 8D 9D FFFFFCB4                  	LEA	EBX,DWORD [-844+EBP]
   505 000001B6 E8 [00000000]                   	CALL	_fifo32_put
   506 000001BB FF 35 [0000016C]                	PUSH	DWORD [_memman]
   507 000001C1 E8 [00000000]                   	CALL	_Command_int
   508 000001C6 E8 [00000000]                   	CALL	_timer_alloc
   509 000001CB 6A 01                           	PUSH	1
   510 000001CD 56                              	PUSH	ESI
   511 000001CE 50                              	PUSH	EAX
   512 000001CF 89 85 FFFFFC68                  	MOV	DWORD [-920+EBP],EAX
   513 000001D5 E8 [00000000]                   	CALL	_timer_init
   514 000001DA 83 C4 20                        	ADD	ESP,32
   515 000001DD 6A 32                           	PUSH	50
   516 000001DF FF B5 FFFFFC68                  	PUSH	DWORD [-920+EBP]
   517 000001E5 E8 [00000000]                   	CALL	_timer_settime
   518 000001EA FF 35 [0000016C]                	PUSH	DWORD [_memman]
   519 000001F0 E8 [00000000]                   	CALL	_task_init
   520 000001F5 6A 00                           	PUSH	0
   521 000001F7 6A 01                           	PUSH	1
   522 000001F9 50                              	PUSH	EAX
   523 000001FA 89 85 FFFFFC64                  	MOV	DWORD [-924+EBP],EAX
   524 00000200 89 45 EC                        	MOV	DWORD [-20+EBP],EAX
   525 00000203 E8 [00000000]                   	CALL	_task_run
   526 00000208 6A 38                           	PUSH	56
   527 0000020A 6A 08                           	PUSH	8
   528 0000020C 53                              	PUSH	EBX
   529 0000020D FF 35 [0000016C]                	PUSH	DWORD [_memman]
   530 00000213 FF B5 FFFFFC90                  	PUSH	DWORD [-880+EBP]
   531 00000219 C7 85 FFFFFCCC 00000034         	MOV	DWORD [-820+EBP],52
   532 00000223 C7 85 FFFFFCC8 00000090         	MOV	DWORD [-824+EBP],144
   533 0000022D C7 85 FFFFFCB4 646E6977         	MOV	DWORD [-844+EBP],1684957559
   534 00000237 C7 85 FFFFFCB8 0031776F         	MOV	DWORD [-840+EBP],3241839
   535 00000241 E8 [00000000]                   	CALL	_Make_Win1
   536 00000246 83 C4 2C                        	ADD	ESP,44
   537 00000249 6A 00                           	PUSH	0
   538 0000024B 53                              	PUSH	EBX
   539 0000024C E8 [00000000]                   	CALL	_Sel_window
   540 00000251 6A 64                           	PUSH	100
   541 00000253 6A 64                           	PUSH	100
   542 00000255 8D 85 FFFFFC94                  	LEA	EAX,DWORD [-876+EBP]
   543 0000025B 50                              	PUSH	EAX
   544 0000025C FF 35 [0000016C]                	PUSH	DWORD [_memman]
   545 00000262 FF B5 FFFFFC90                  	PUSH	DWORD [-880+EBP]
   546 00000268 C7 85 FFFFFCAC 00000200         	MOV	DWORD [-852+EBP],512
   547 00000272 C7 85 FFFFFCA8 00000264         	MOV	DWORD [-856+EBP],612
   548 0000027C C7 85 FFFFFC94 736E6F43         	MOV	DWORD [-876+EBP],1936617283
   549 00000286 C7 85 FFFFFC98 00656C6F         	MOV	DWORD [-872+EBP],6646895
   550 00000290 E8 [00000000]                   	CALL	_Make_Console
   551 00000295 E8 [00000000]                   	CALL	_task_alloc
   552 0000029A 68 00010000                     	PUSH	65536
   553 0000029F FF 35 [0000016C]                	PUSH	DWORD [_memman]
   554 000002A5 89 C7                           	MOV	EDI,EAX
   555 000002A7 E8 [00000000]                   	CALL	_memman_alloc_4K
   556 000002AC 05 0000FFF4                     	ADD	EAX,65524
   557 000002B1 8B 95 FFFFFCB0                  	MOV	EDX,DWORD [-848+EBP]
   558 000002B7 89 47 48                        	MOV	DWORD [72+EDI],EAX
   559 000002BA 83 C4 24                        	ADD	ESP,36
   560 000002BD C7 47 30 [00000000]             	MOV	DWORD [48+EDI],_console_task
   561 000002C4 C7 47 58 00000008               	MOV	DWORD [88+EDI],8
   562 000002CB C7 47 5C 00000010               	MOV	DWORD [92+EDI],16
   563 000002D2 C7 47 60 00000008               	MOV	DWORD [96+EDI],8
   564 000002D9 C7 47 64 00000008               	MOV	DWORD [100+EDI],8
   565 000002E0 C7 47 68 00000008               	MOV	DWORD [104+EDI],8
   566 000002E7 C7 47 6C 00000008               	MOV	DWORD [108+EDI],8
   567 000002EE 89 50 04                        	MOV	DWORD [4+EAX],EDX
   568 000002F1 8B 95 FFFFFC8C                  	MOV	EDX,DWORD [-884+EBP]
   569 000002F7 8B 47 48                        	MOV	EAX,DWORD [72+EDI]
   570 000002FA 89 50 08                        	MOV	DWORD [8+EAX],EDX
   571 000002FD 6A 02                           	PUSH	2
   572 000002FF 6A 02                           	PUSH	2
   573 00000301 57                              	PUSH	EDI
   574 00000302 E8 [00000000]                   	CALL	_task_run
   575 00000307 FF B5 FFFFFC90                  	PUSH	DWORD [-880+EBP]
   576 0000030D C7 85 FFFFFC60 00000010         	MOV	DWORD [-928+EBP],16
   577 00000317 C7 85 FFFFFC5C 00000000         	MOV	DWORD [-932+EBP],0
   578 00000321 E8 [00000000]                   	CALL	_updown_mouse
   579 00000326                                 L61:
   580 00000326 83 C4 10                        	ADD	ESP,16
   581 00000329                                 L58:
   582 00000329 8D 5D B4                        	LEA	EBX,DWORD [-76+EBP]
   583 0000032C 53                              	PUSH	EBX
   584 0000032D E8 [00000000]                   	CALL	_fifo32_status
   585 00000332 5A                              	POP	EDX
   586 00000333 85 C0                           	TEST	EAX,EAX
   587 00000335 7E 0D                           	JLE	L5
   588 00000337 83 BD FFFFFC70 00               	CMP	DWORD [-912+EBP],0
   589 0000033E 0F 88 0000068A                  	JS	L63
   590 00000344                                 L5:
   591 00000344 8D 5D D4                        	LEA	EBX,DWORD [-44+EBP]
   592 00000347 E8 [00000000]                   	CALL	_io_cli
   593 0000034C 53                              	PUSH	EBX
   594 0000034D E8 [00000000]                   	CALL	_fifo32_status
   595 00000352 5E                              	POP	ESI
   596 00000353 85 C0                           	TEST	EAX,EAX
   597 00000355 0F 84 0000065D                  	JE	L64
   598 0000035B 53                              	PUSH	EBX
   599 0000035C E8 [00000000]                   	CALL	_fifo32_get
   600 00000361 89 C6                           	MOV	ESI,EAX
   601 00000363 E8 [00000000]                   	CALL	_io_sti
   602 00000368 59                              	POP	ECX
   603 00000369 8D 86 FFFFFF00                  	LEA	EAX,DWORD [-256+ESI]
   604 0000036F 3D 000000FF                     	CMP	EAX,255
   605 00000374 0F 86 000001D8                  	JBE	L65
   606 0000037A 8D 86 FFFFFE00                  	LEA	EAX,DWORD [-512+ESI]
   607 00000380 3D 000000FF                     	CMP	EAX,255
   608 00000385 0F 86 000000D5                  	JBE	L66
   609 0000038B 83 FE 01                        	CMP	ESI,1
   610 0000038E 7F 99                           	JG	L58
   611 00000390 85 F6                           	TEST	ESI,ESI
   612 00000392 0F 84 0000009B                  	JE	L53
   613 00000398 6A 00                           	PUSH	0
   614 0000039A 53                              	PUSH	EBX
   615 0000039B FF B5 FFFFFC68                  	PUSH	DWORD [-920+EBP]
   616 000003A1 E8 [00000000]                   	CALL	_timer_init
   617 000003A6 83 C4 0C                        	ADD	ESP,12
   618 000003A9 83 BD FFFFFC5C 00               	CMP	DWORD [-932+EBP],0
   619 000003B0 78 0A                           	JS	L55
   620 000003B2 C7 85 FFFFFC5C 00000007         	MOV	DWORD [-932+EBP],7
   621 000003BC                                 L55:
   622 000003BC 6A 32                           	PUSH	50
   623 000003BE FF B5 FFFFFC68                  	PUSH	DWORD [-920+EBP]
   624 000003C4 E8 [00000000]                   	CALL	_timer_settime
   625 000003C9 58                              	POP	EAX
   626 000003CA 5A                              	POP	EDX
   627 000003CB 83 BD FFFFFC5C 00               	CMP	DWORD [-932+EBP],0
   628 000003D2 0F 88 FFFFFF51                  	JS	L58
   629 000003D8 8B 85 FFFFFC60                  	MOV	EAX,DWORD [-928+EBP]
   630 000003DE 6A 2D                           	PUSH	45
   631 000003E0 83 C0 07                        	ADD	EAX,7
   632 000003E3 50                              	PUSH	EAX
   633 000003E4 6A 1F                           	PUSH	31
   634 000003E6 FF B5 FFFFFC60                  	PUSH	DWORD [-928+EBP]
   635 000003EC 0F B6 85 FFFFFC5C               	MOVZX	EAX,BYTE [-932+EBP]
   636 000003F3 50                              	PUSH	EAX
   637 000003F4 8B 85 FFFFFCD0                  	MOV	EAX,DWORD [-816+EBP]
   638 000003FA FF 70 08                        	PUSH	DWORD [8+EAX]
   639 000003FD FF 30                           	PUSH	DWORD [EAX]
   640 000003FF E8 [00000000]                   	CALL	_boxfill8
   641 00000404 8B 85 FFFFFC60                  	MOV	EAX,DWORD [-928+EBP]
   642 0000040A 6A 2E                           	PUSH	46
   643 0000040C 83 C0 08                        	ADD	EAX,8
   644 0000040F 50                              	PUSH	EAX
   645 00000410 8B 85 FFFFFC90                  	MOV	EAX,DWORD [-880+EBP]
   646 00000416 6A 1F                           	PUSH	31
   647 00000418 FF B5 FFFFFC60                  	PUSH	DWORD [-928+EBP]
   648 0000041E FF B5 FFFFFCD0                  	PUSH	DWORD [-816+EBP]
   649 00000424 FF 30                           	PUSH	DWORD [EAX]
   650 00000426 E8 [00000000]                   	CALL	_sheet_refresh
   651 0000042B 83 C4 34                        	ADD	ESP,52
   652 0000042E E9 FFFFFEF6                     	JMP	L58
   653 00000433                                 L53:
   654 00000433 6A 01                           	PUSH	1
   655 00000435 53                              	PUSH	EBX
   656 00000436 FF B5 FFFFFC68                  	PUSH	DWORD [-920+EBP]
   657 0000043C E8 [00000000]                   	CALL	_timer_init
   658 00000441 83 C4 0C                        	ADD	ESP,12
   659 00000444 83 BD FFFFFC5C 00               	CMP	DWORD [-932+EBP],0
   660 0000044B 0F 88 FFFFFF6B                  	JS	L55
   661 00000451 C7 85 FFFFFC5C 00000000         	MOV	DWORD [-932+EBP],0
   662 0000045B E9 FFFFFF5C                     	JMP	L55
   663 00000460                                 L66:
   664 00000460 89 F1                           	MOV	ECX,ESI
   665 00000462 0F B6 C1                        	MOVZX	EAX,CL
   666 00000465 50                              	PUSH	EAX
   667 00000466 8D 85 FFFFFD24                  	LEA	EAX,DWORD [-732+EBP]
   668 0000046C 50                              	PUSH	EAX
   669 0000046D E8 [00000000]                   	CALL	_mouse_decode
   670 00000472 59                              	POP	ECX
   671 00000473 5B                              	POP	EBX
   672 00000474 85 C0                           	TEST	EAX,EAX
   673 00000476 0F 84 FFFFFEAD                  	JE	L58
   674 0000047C 8B 85 FFFFFD2C                  	MOV	EAX,DWORD [-724+EBP]
   675 00000482 8B 95 FFFFFD28                  	MOV	EDX,DWORD [-728+EBP]
   676 00000488 01 85 FFFFFC84                  	ADD	DWORD [-892+EBP],EAX
   677 0000048E 01 95 FFFFFC88                  	ADD	DWORD [-888+EBP],EDX
   678 00000494 0F 88 000000A9                  	JS	L67
   679 0000049A                                 L46:
   680 0000049A 83 BD FFFFFC84 00               	CMP	DWORD [-892+EBP],0
   681 000004A1 0F 88 0000008D                  	JS	L68
   682 000004A7                                 L47:
   683 000004A7 8B 8D FFFFFC90                  	MOV	ECX,DWORD [-880+EBP]
   684 000004AD 8B 11                           	MOV	EDX,DWORD [ECX]
   685 000004AF 8B 42 08                        	MOV	EAX,DWORD [8+EDX]
   686 000004B2 48                              	DEC	EAX
   687 000004B3 39 85 FFFFFC88                  	CMP	DWORD [-888+EBP],EAX
   688 000004B9 7E 06                           	JLE	L48
   689 000004BB 89 85 FFFFFC88                  	MOV	DWORD [-888+EBP],EAX
   690 000004C1                                 L48:
   691 000004C1 8B 42 0C                        	MOV	EAX,DWORD [12+EDX]
   692 000004C4 48                              	DEC	EAX
   693 000004C5 39 85 FFFFFC84                  	CMP	DWORD [-892+EBP],EAX
   694 000004CB 7E 06                           	JLE	L49
   695 000004CD 89 85 FFFFFC84                  	MOV	DWORD [-892+EBP],EAX
   696 000004D3                                 L49:
   697 000004D3 FF B5 FFFFFC84                  	PUSH	DWORD [-892+EBP]
   698 000004D9 8B 85 FFFFFC80                  	MOV	EAX,DWORD [-896+EBP]
   699 000004DF 8B 95 FFFFFC90                  	MOV	EDX,DWORD [-880+EBP]
   700 000004E5 FF B5 FFFFFC88                  	PUSH	DWORD [-888+EBP]
   701 000004EB FF 70 14                        	PUSH	DWORD [20+EAX]
   702 000004EE FF 32                           	PUSH	DWORD [EDX]
   703 000004F0 E8 [00000000]                   	CALL	_sheet_slide
   704 000004F5 83 C4 10                        	ADD	ESP,16
   705 000004F8 F7 85 FFFFFD30 00000001         	TEST	DWORD [-720+EBP],1
   706 00000502 0F 84 FFFFFE21                  	JE	L58
   707 00000508 8B 85 FFFFFC84                  	MOV	EAX,DWORD [-892+EBP]
   708 0000050E 8B 8D FFFFFC90                  	MOV	ECX,DWORD [-880+EBP]
   709 00000514 83 E8 08                        	SUB	EAX,8
   710 00000517 50                              	PUSH	EAX
   711 00000518 8B 85 FFFFFC88                  	MOV	EAX,DWORD [-888+EBP]
   712 0000051E 83 E8 50                        	SUB	EAX,80
   713 00000521 50                              	PUSH	EAX
   714 00000522 FF B5 FFFFFCD0                  	PUSH	DWORD [-816+EBP]
   715 00000528 FF 31                           	PUSH	DWORD [ECX]
   716 0000052A E8 [00000000]                   	CALL	_sheet_slide
   717 0000052F E9 FFFFFDF2                     	JMP	L61
   718 00000534                                 L68:
   719 00000534 C7 85 FFFFFC84 00000000         	MOV	DWORD [-892+EBP],0
   720 0000053E E9 FFFFFF64                     	JMP	L47
   721 00000543                                 L67:
   722 00000543 C7 85 FFFFFC88 00000000         	MOV	DWORD [-888+EBP],0
   723 0000054D E9 FFFFFF48                     	JMP	L46
   724 00000552                                 L65:
   725 00000552 81 FE 0000017F                  	CMP	ESI,383
   726 00000558 0F 8F 0000044E                  	JG	L9
   727 0000055E 83 BD FFFFFC78 00               	CMP	DWORD [-904+EBP],0
   728 00000565 0F 85 00000436                  	JNE	L10
   729 0000056B 8A 86 [FFFFFF54]                	MOV	AL,BYTE [_keytable0.1-256+ESI]
   730 00000571                                 L62:
   731 00000571 88 85 FFFFFCF4                  	MOV	BYTE [-780+EBP],AL
   732 00000577                                 L12:
   733 00000577 8A 95 FFFFFCF4                  	MOV	DL,BYTE [-780+EBP]
   734 0000057D 8D 42 BF                        	LEA	EAX,DWORD [-65+EDX]
   735 00000580 3C 19                           	CMP	AL,25
   736 00000582 77 1D                           	JA	L13
   737 00000584 F7 85 FFFFFC74 00000004         	TEST	DWORD [-908+EBP],4
   738 0000058E 0F 85 000003FE                  	JNE	L60
   739 00000594 83 BD FFFFFC78 00               	CMP	DWORD [-904+EBP],0
   740 0000059B 0F 84 000003E3                  	JE	L15
   741 000005A1                                 L13:
   742 000005A1 8A 85 FFFFFCF4                  	MOV	AL,BYTE [-780+EBP]
   743 000005A7 84 C0                           	TEST	AL,AL
   744 000005A9 74 4F                           	JE	L17
   745 000005AB 83 BD FFFFFC7C 00               	CMP	DWORD [-900+EBP],0
   746 000005B2 0F 85 000003B4                  	JNE	L18
   747 000005B8 83 BD FFFFFC60 7F               	CMP	DWORD [-928+EBP],127
   748 000005BF 7F 39                           	JG	L17
   749 000005C1 6A 01                           	PUSH	1
   750 000005C3 8D 85 FFFFFCF4                  	LEA	EAX,DWORD [-780+EBP]
   751 000005C9 50                              	PUSH	EAX
   752 000005CA 8B 8D FFFFFC90                  	MOV	ECX,DWORD [-880+EBP]
   753 000005D0 6A 00                           	PUSH	0
   754 000005D2 6A 07                           	PUSH	7
   755 000005D4 6A 1F                           	PUSH	31
   756 000005D6 FF B5 FFFFFC60                  	PUSH	DWORD [-928+EBP]
   757 000005DC FF B5 FFFFFCD0                  	PUSH	DWORD [-816+EBP]
   758 000005E2 C6 85 FFFFFCF5 00               	MOV	BYTE [-779+EBP],0
   759 000005E9 FF 31                           	PUSH	DWORD [ECX]
   760 000005EB E8 [00000000]                   	CALL	_putfonts8_asc_sht
   761 000005F0 83 C4 20                        	ADD	ESP,32
   762 000005F3 83 85 FFFFFC60 08               	ADD	DWORD [-928+EBP],8
   763 000005FA                                 L17:
   764 000005FA 81 FE 0000010E                  	CMP	ESI,270
   765 00000600 0F 84 00000307                  	JE	L69
   766 00000606                                 L21:
   767 00000606 81 FE 0000011C                  	CMP	ESI,284
   768 0000060C 0F 84 000002DA                  	JE	L70
   769 00000612                                 L25:
   770 00000612 81 FE 0000010F                  	CMP	ESI,271
   771 00000618 0F 84 00000216                  	JE	L71
   772 0000061E                                 L27:
   773 0000061E 81 FE 0000012A                  	CMP	ESI,298
   774 00000624 0F 84 000001FE                  	JE	L72
   775 0000062A                                 L30:
   776 0000062A 81 FE 00000136                  	CMP	ESI,310
   777 00000630 0F 84 000001E6                  	JE	L73
   778 00000636                                 L31:
   779 00000636 81 FE 000001AA                  	CMP	ESI,426
   780 0000063C 0F 84 000001CE                  	JE	L74
   781 00000642                                 L32:
   782 00000642 81 FE 000001B6                  	CMP	ESI,438
   783 00000648 0F 84 000001B6                  	JE	L75
   784 0000064E                                 L33:
   785 0000064E 81 FE 0000011D                  	CMP	ESI,285
   786 00000654 0F 84 0000019E                  	JE	L76
   787 0000065A                                 L34:
   788 0000065A 81 FE 0000019D                  	CMP	ESI,413
   789 00000660 0F 84 00000186                  	JE	L77
   790 00000666                                 L35:
   791 00000666 81 FE 0000013A                  	CMP	ESI,314
   792 0000066C 0F 84 00000151                  	JE	L78
   793 00000672                                 L36:
   794 00000672 81 FE 00000145                  	CMP	ESI,325
   795 00000678 0F 84 0000011C                  	JE	L79
   796 0000067E                                 L37:
   797 0000067E 81 FE 00000146                  	CMP	ESI,326
   798 00000684 0F 84 000000E7                  	JE	L80
   799 0000068A                                 L38:
   800 0000068A 81 FE 0000012E                  	CMP	ESI,302
   801 00000690 0F 84 00000096                  	JE	L81
   802 00000696                                 L39:
   803 00000696 81 FE 000001FA                  	CMP	ESI,506
   804 0000069C 74 7F                           	JE	L82
   805 0000069E                                 L40:
   806 0000069E 81 FE 000001FE                  	CMP	ESI,510
   807 000006A4 74 61                           	JE	L83
   808 000006A6                                 L41:
   809 000006A6 83 BD FFFFFC5C 00               	CMP	DWORD [-932+EBP],0
   810 000006AD 78 29                           	JS	L42
   811 000006AF 8B 85 FFFFFC60                  	MOV	EAX,DWORD [-928+EBP]
   812 000006B5 6A 2D                           	PUSH	45
   813 000006B7 83 C0 07                        	ADD	EAX,7
   814 000006BA 50                              	PUSH	EAX
   815 000006BB 8B 85 FFFFFCD0                  	MOV	EAX,DWORD [-816+EBP]
   816 000006C1 6A 1F                           	PUSH	31
   817 000006C3 FF B5 FFFFFC60                  	PUSH	DWORD [-928+EBP]
   818 000006C9 6A 0F                           	PUSH	15
   819 000006CB FF 70 08                        	PUSH	DWORD [8+EAX]
   820 000006CE FF 30                           	PUSH	DWORD [EAX]
   821 000006D0 E8 [00000000]                   	CALL	_boxfill8
   822 000006D5 83 C4 1C                        	ADD	ESP,28
   823 000006D8                                 L42:
   824 000006D8 8B 85 FFFFFC60                  	MOV	EAX,DWORD [-928+EBP]
   825 000006DE 6A 2E                           	PUSH	46
   826 000006E0 83 C0 08                        	ADD	EAX,8
   827 000006E3 8B 95 FFFFFC90                  	MOV	EDX,DWORD [-880+EBP]
   828 000006E9 50                              	PUSH	EAX
   829 000006EA 6A 1F                           	PUSH	31
   830 000006EC FF B5 FFFFFC60                  	PUSH	DWORD [-928+EBP]
   831 000006F2 FF B5 FFFFFCD0                  	PUSH	DWORD [-816+EBP]
   832 000006F8 FF 32                           	PUSH	DWORD [EDX]
   833 000006FA E8 [00000000]                   	CALL	_sheet_refresh
   834 000006FF 83 C4 18                        	ADD	ESP,24
   835 00000702 E9 FFFFFC22                     	JMP	L58
   836 00000707                                 L83:
   837 00000707 E8 [00000000]                   	CALL	_wait_KBC_sendready
   838 0000070C FF B5 FFFFFC70                  	PUSH	DWORD [-912+EBP]
   839 00000712 6A 60                           	PUSH	96
   840 00000714 E8 [00000000]                   	CALL	_io_out8
   841 00000719 5E                              	POP	ESI
   842 0000071A 58                              	POP	EAX
   843 0000071B EB 89                           	JMP	L41
   844 0000071D                                 L82:
   845 0000071D C7 85 FFFFFC70 FFFFFFFF         	MOV	DWORD [-912+EBP],-1
   846 00000727 E9 FFFFFF72                     	JMP	L40
   847 0000072C                                 L81:
   848 0000072C 83 BD FFFFFC6C 00               	CMP	DWORD [-916+EBP],0
   849 00000733 0F 84 FFFFFF5D                  	JE	L39
   850 00000739 83 7F 18 00                     	CMP	DWORD [24+EDI],0
   851 0000073D 0F 84 FFFFFF53                  	JE	L39
   852 00000743 68 [00000154]                   	PUSH	LC1
   853 00000748 FF 35 00000FEC                  	PUSH	DWORD [4076]
   854 0000074E E8 [00000000]                   	CALL	_cons_putstr
   855 00000753 E8 [00000000]                   	CALL	_io_cli
   856 00000758 8D 47 14                        	LEA	EAX,DWORD [20+EDI]
   857 0000075B 89 47 38                        	MOV	DWORD [56+EDI],EAX
   858 0000075E C7 47 30 [00000000]             	MOV	DWORD [48+EDI],_asm_end_app
   859 00000765 E8 [00000000]                   	CALL	_io_sti
   860 0000076A 58                              	POP	EAX
   861 0000076B 5A                              	POP	EDX
   862 0000076C E9 FFFFFF25                     	JMP	L39
   863 00000771                                 L80:
   864 00000771 68 000000ED                     	PUSH	237
   865 00000776 8D 5D B4                        	LEA	EBX,DWORD [-76+EBP]
   866 00000779 53                              	PUSH	EBX
   867 0000077A 83 B5 FFFFFC74 01               	XOR	DWORD [-908+EBP],1
   868 00000781 E8 [00000000]                   	CALL	_fifo32_put
   869 00000786 FF B5 FFFFFC74                  	PUSH	DWORD [-908+EBP]
   870 0000078C 53                              	PUSH	EBX
   871 0000078D E8 [00000000]                   	CALL	_fifo32_put
   872 00000792 83 C4 10                        	ADD	ESP,16
   873 00000795 E9 FFFFFEF0                     	JMP	L38
   874 0000079A                                 L79:
   875 0000079A 68 000000ED                     	PUSH	237
   876 0000079F 8D 5D B4                        	LEA	EBX,DWORD [-76+EBP]
   877 000007A2 53                              	PUSH	EBX
   878 000007A3 83 B5 FFFFFC74 02               	XOR	DWORD [-908+EBP],2
   879 000007AA E8 [00000000]                   	CALL	_fifo32_put
   880 000007AF FF B5 FFFFFC74                  	PUSH	DWORD [-908+EBP]
   881 000007B5 53                              	PUSH	EBX
   882 000007B6 E8 [00000000]                   	CALL	_fifo32_put
   883 000007BB 83 C4 10                        	ADD	ESP,16
   884 000007BE E9 FFFFFEBB                     	JMP	L37
   885 000007C3                                 L78:
   886 000007C3 68 000000ED                     	PUSH	237
   887 000007C8 8D 5D B4                        	LEA	EBX,DWORD [-76+EBP]
   888 000007CB 53                              	PUSH	EBX
   889 000007CC 83 B5 FFFFFC74 04               	XOR	DWORD [-908+EBP],4
   890 000007D3 E8 [00000000]                   	CALL	_fifo32_put
   891 000007D8 FF B5 FFFFFC74                  	PUSH	DWORD [-908+EBP]
   892 000007DE 53                              	PUSH	EBX
   893 000007DF E8 [00000000]                   	CALL	_fifo32_put
   894 000007E4 83 C4 10                        	ADD	ESP,16
   895 000007E7 E9 FFFFFE86                     	JMP	L36
   896 000007EC                                 L77:
   897 000007EC 83 A5 FFFFFC6C FE               	AND	DWORD [-916+EBP],-2
   898 000007F3 E9 FFFFFE6E                     	JMP	L35
   899 000007F8                                 L76:
   900 000007F8 83 8D FFFFFC6C 01               	OR	DWORD [-916+EBP],1
   901 000007FF E9 FFFFFE56                     	JMP	L34
   902 00000804                                 L75:
   903 00000804 83 A5 FFFFFC78 FD               	AND	DWORD [-904+EBP],-3
   904 0000080B E9 FFFFFE3E                     	JMP	L33
   905 00000810                                 L74:
   906 00000810 83 A5 FFFFFC78 FE               	AND	DWORD [-904+EBP],-2
   907 00000817 E9 FFFFFE26                     	JMP	L32
   908 0000081C                                 L73:
   909 0000081C 83 8D FFFFFC78 02               	OR	DWORD [-904+EBP],2
   910 00000823 E9 FFFFFE0E                     	JMP	L31
   911 00000828                                 L72:
   912 00000828 83 8D FFFFFC78 01               	OR	DWORD [-904+EBP],1
   913 0000082F E9 FFFFFDF6                     	JMP	L30
   914 00000834                                 L71:
   915 00000834 83 BD FFFFFC7C 00               	CMP	DWORD [-900+EBP],0
   916 0000083B 75 6D                           	JNE	L28
   917 0000083D 6A 00                           	PUSH	0
   918 0000083F 8D 85 FFFFFC94                  	LEA	EAX,DWORD [-876+EBP]
   919 00000845 50                              	PUSH	EAX
   920 00000846 C7 85 FFFFFC7C 00000001         	MOV	DWORD [-900+EBP],1
   921 00000850 E8 [00000000]                   	CALL	_Sel_Console
   922 00000855 8D 85 FFFFFCB4                  	LEA	EAX,DWORD [-844+EBP]
   923 0000085B 6A 01                           	PUSH	1
   924 0000085D 50                              	PUSH	EAX
   925 0000085E E8 [00000000]                   	CALL	_Sel_window
   926 00000863 8B 85 FFFFFC60                  	MOV	EAX,DWORD [-928+EBP]
   927 00000869 6A 2E                           	PUSH	46
   928 0000086B 83 C0 07                        	ADD	EAX,7
   929 0000086E 50                              	PUSH	EAX
   930 0000086F 8B 85 FFFFFCD0                  	MOV	EAX,DWORD [-816+EBP]
   931 00000875 6A 1F                           	PUSH	31
   932 00000877 FF B5 FFFFFC60                  	PUSH	DWORD [-928+EBP]
   933 0000087D 6A 00                           	PUSH	0
   934 0000087F FF B5 FFFFFCC8                  	PUSH	DWORD [-824+EBP]
   935 00000885 FF 30                           	PUSH	DWORD [EAX]
   936 00000887 C7 85 FFFFFC5C FFFFFFFF         	MOV	DWORD [-932+EBP],-1
   937 00000891 E8 [00000000]                   	CALL	_boxfill8
   938 00000896 83 C4 2C                        	ADD	ESP,44
   939 00000899 6A 02                           	PUSH	2
   940 0000089B FF 77 78                        	PUSH	DWORD [120+EDI]
   941 0000089E E8 [00000000]                   	CALL	_fifo32_put
   942 000008A3 59                              	POP	ECX
   943 000008A4 5B                              	POP	EBX
   944 000008A5 E9 FFFFFD74                     	JMP	L27
   945 000008AA                                 L28:
   946 000008AA 6A 01                           	PUSH	1
   947 000008AC 8D 85 FFFFFC94                  	LEA	EAX,DWORD [-876+EBP]
   948 000008B2 50                              	PUSH	EAX
   949 000008B3 C7 85 FFFFFC7C 00000000         	MOV	DWORD [-900+EBP],0
   950 000008BD E8 [00000000]                   	CALL	_Sel_Console
   951 000008C2 8D 85 FFFFFCB4                  	LEA	EAX,DWORD [-844+EBP]
   952 000008C8 6A 00                           	PUSH	0
   953 000008CA 50                              	PUSH	EAX
   954 000008CB E8 [00000000]                   	CALL	_Sel_window
   955 000008D0 6A 03                           	PUSH	3
   956 000008D2 FF 77 78                        	PUSH	DWORD [120+EDI]
   957 000008D5 C7 85 FFFFFC5C 00000007         	MOV	DWORD [-932+EBP],7
   958 000008DF E8 [00000000]                   	CALL	_fifo32_put
   959 000008E4 83 C4 18                        	ADD	ESP,24
   960 000008E7 E9 FFFFFD32                     	JMP	L27
   961 000008EC                                 L70:
   962 000008EC 83 BD FFFFFC7C 00               	CMP	DWORD [-900+EBP],0
   963 000008F3 0F 84 FFFFFD19                  	JE	L25
   964 000008F9 68 0000010A                     	PUSH	266
   965 000008FE FF 77 78                        	PUSH	DWORD [120+EDI]
   966 00000901 E8 [00000000]                   	CALL	_fifo32_put
   967 00000906 58                              	POP	EAX
   968 00000907 5A                              	POP	EDX
   969 00000908 E9 FFFFFD05                     	JMP	L25
   970 0000090D                                 L69:
   971 0000090D 83 BD FFFFFC7C 00               	CMP	DWORD [-900+EBP],0
   972 00000914 75 42                           	JNE	L22
   973 00000916 83 BD FFFFFC60 10               	CMP	DWORD [-928+EBP],16
   974 0000091D 0F 8E FFFFFCE3                  	JLE	L21
   975 00000923 6A 01                           	PUSH	1
   976 00000925 8B 85 FFFFFC90                  	MOV	EAX,DWORD [-880+EBP]
   977 0000092B 68 [00000163]                   	PUSH	LC0
   978 00000930 6A 00                           	PUSH	0
   979 00000932 6A 07                           	PUSH	7
   980 00000934 6A 1F                           	PUSH	31
   981 00000936 FF B5 FFFFFC60                  	PUSH	DWORD [-928+EBP]
   982 0000093C FF B5 FFFFFCD0                  	PUSH	DWORD [-816+EBP]
   983 00000942 FF 30                           	PUSH	DWORD [EAX]
   984 00000944 E8 [00000000]                   	CALL	_putfonts8_asc_sht
   985 00000949 83 C4 20                        	ADD	ESP,32
   986 0000094C 83 AD FFFFFC60 08               	SUB	DWORD [-928+EBP],8
   987 00000953 E9 FFFFFCAE                     	JMP	L21
   988 00000958                                 L22:
   989 00000958 68 00000108                     	PUSH	264
   990 0000095D FF 77 78                        	PUSH	DWORD [120+EDI]
   991 00000960 E8 [00000000]                   	CALL	_fifo32_put
   992 00000965 59                              	POP	ECX
   993 00000966 5B                              	POP	EBX
   994 00000967 E9 FFFFFC9A                     	JMP	L21
   995 0000096C                                 L18:
   996 0000096C 0F BE C0                        	MOVSX	EAX,AL
   997 0000096F 05 00000100                     	ADD	EAX,256
   998 00000974 50                              	PUSH	EAX
   999 00000975 FF 77 78                        	PUSH	DWORD [120+EDI]
  1000 00000978 E8 [00000000]                   	CALL	_fifo32_put
  1001 0000097D 58                              	POP	EAX
  1002 0000097E 5A                              	POP	EDX
  1003 0000097F E9 FFFFFC76                     	JMP	L17
  1004 00000984                                 L15:
  1005 00000984 8D 42 20                        	LEA	EAX,DWORD [32+EDX]
  1006 00000987 88 85 FFFFFCF4                  	MOV	BYTE [-780+EBP],AL
  1007 0000098D E9 FFFFFC0F                     	JMP	L13
  1008 00000992                                 L60:
  1009 00000992 83 BD FFFFFC78 00               	CMP	DWORD [-904+EBP],0
  1010 00000999 0F 84 FFFFFC02                  	JE	L13
  1011 0000099F EB E3                           	JMP	L15
  1012 000009A1                                 L10:
  1013 000009A1 8A 86 [FFFFFFD4]                	MOV	AL,BYTE [_keytable1.2-256+ESI]
  1014 000009A7 E9 FFFFFBC5                     	JMP	L62
  1015 000009AC                                 L9:
  1016 000009AC C6 85 FFFFFCF4 00               	MOV	BYTE [-780+EBP],0
  1017 000009B3 E9 FFFFFBBF                     	JMP	L12
  1018 000009B8                                 L64:
  1019 000009B8 FF B5 FFFFFC64                  	PUSH	DWORD [-924+EBP]
  1020 000009BE E8 [00000000]                   	CALL	_task_sleep
  1021 000009C3 E8 [00000000]                   	CALL	_io_sti
  1022 000009C8 5B                              	POP	EBX
  1023 000009C9 E9 FFFFF95B                     	JMP	L58
  1024 000009CE                                 L63:
  1025 000009CE 53                              	PUSH	EBX
  1026 000009CF E8 [00000000]                   	CALL	_fifo32_get
  1027 000009D4 89 85 FFFFFC70                  	MOV	DWORD [-912+EBP],EAX
  1028 000009DA E8 [00000000]                   	CALL	_wait_KBC_sendready
  1029 000009DF FF B5 FFFFFC70                  	PUSH	DWORD [-912+EBP]
  1030 000009E5 6A 60                           	PUSH	96
  1031 000009E7 E8 [00000000]                   	CALL	_io_out8
  1032 000009EC 83 C4 0C                        	ADD	ESP,12
  1033 000009EF E9 FFFFF950                     	JMP	L5
  1034 000009F4                                 L59:
  1035                                          [SECTION .data]
  1036 00000165                                 LC2:
  1037 00000165 25 31 31 64 00                  	DB	"%11d",0x00
  1038                                          [SECTION .text]
  1039 000009F4                                 	GLOBAL	_task_b_main
  1040 000009F4                                 _task_b_main:
  1041 000009F4 55                              	PUSH	EBP
  1042 000009F5 89 E5                           	MOV	EBP,ESP
  1043 000009F7 57                              	PUSH	EDI
  1044 000009F8 56                              	PUSH	ESI
  1045 000009F9 31 FF                           	XOR	EDI,EDI
  1046 000009FB 53                              	PUSH	EBX
  1047 000009FC 8D 85 FFFFFDD4                  	LEA	EAX,DWORD [-556+EBP]
  1048 00000A02 81 EC 00000230                  	SUB	ESP,560
  1049 00000A08 8D 5D D4                        	LEA	EBX,DWORD [-44+EBP]
  1050 00000A0B 6A 00                           	PUSH	0
  1051 00000A0D 50                              	PUSH	EAX
  1052 00000A0E 68 00000080                     	PUSH	128
  1053 00000A13 53                              	PUSH	EBX
  1054 00000A14 E8 [00000000]                   	CALL	_fifo32_init
  1055 00000A19 E8 [00000000]                   	CALL	_timer_alloc
  1056 00000A1E 6A 64                           	PUSH	100
  1057 00000A20 53                              	PUSH	EBX
  1058 00000A21 89 C6                           	MOV	ESI,EAX
  1059 00000A23 50                              	PUSH	EAX
  1060 00000A24 E8 [00000000]                   	CALL	_timer_init
  1061 00000A29 6A 64                           	PUSH	100
  1062 00000A2B 56                              	PUSH	ESI
  1063 00000A2C E8 [00000000]                   	CALL	_timer_settime
  1064 00000A31 83 C4 24                        	ADD	ESP,36
  1065 00000A34                                 L85:
  1066 00000A34 8D 5D D4                        	LEA	EBX,DWORD [-44+EBP]
  1067 00000A37 E8 [00000000]                   	CALL	_io_cli
  1068 00000A3C 53                              	PUSH	EBX
  1069 00000A3D 47                              	INC	EDI
  1070 00000A3E E8 [00000000]                   	CALL	_fifo32_status
  1071 00000A43 5A                              	POP	EDX
  1072 00000A44 85 C0                           	TEST	EAX,EAX
  1073 00000A46 74 4A                           	JE	L91
  1074 00000A48 53                              	PUSH	EBX
  1075 00000A49 E8 [00000000]                   	CALL	_fifo32_get
  1076 00000A4E 89 C3                           	MOV	EBX,EAX
  1077 00000A50 E8 [00000000]                   	CALL	_io_sti
  1078 00000A55 58                              	POP	EAX
  1079 00000A56 83 FB 64                        	CMP	EBX,100
  1080 00000A59 75 D9                           	JNE	L85
  1081 00000A5B 57                              	PUSH	EDI
  1082 00000A5C 8D 9D FFFFFDC4                  	LEA	EBX,DWORD [-572+EBP]
  1083 00000A62 68 [00000165]                   	PUSH	LC2
  1084 00000A67 53                              	PUSH	EBX
  1085 00000A68 E8 [00000000]                   	CALL	_sprintf
  1086 00000A6D 6A 0B                           	PUSH	11
  1087 00000A6F 53                              	PUSH	EBX
  1088 00000A70 6A 11                           	PUSH	17
  1089 00000A72 6A 0E                           	PUSH	14
  1090 00000A74 6A 1C                           	PUSH	28
  1091 00000A76 6A 18                           	PUSH	24
  1092 00000A78 FF 75 08                        	PUSH	DWORD [8+EBP]
  1093 00000A7B FF 75 0C                        	PUSH	DWORD [12+EBP]
  1094 00000A7E E8 [00000000]                   	CALL	_putfonts8_asc_sht
  1095 00000A83 83 C4 2C                        	ADD	ESP,44
  1096 00000A86 6A 64                           	PUSH	100
  1097 00000A88 56                              	PUSH	ESI
  1098 00000A89 E8 [00000000]                   	CALL	_timer_settime
  1099 00000A8E 59                              	POP	ECX
  1100 00000A8F 5B                              	POP	EBX
  1101 00000A90 EB A2                           	JMP	L85
  1102 00000A92                                 L91:
  1103 00000A92 E8 [00000000]                   	CALL	_io_sti
  1104 00000A97 EB 9B                           	JMP	L85
  1105 00000A99                                 	GLOBAL	_memman
  1106                                          [SECTION .data]
  1107 0000016A 00 00                           	ALIGNB	4
  1108 0000016C                                 _memman:
  1109 0000016C 00 00 00 00                     	RESB	4
  1110 00000170                                 	GLOBAL	_mem_total
  1111                                          [SECTION .data]
  1112 00000170                                 	ALIGNB	4
  1113 00000170                                 _mem_total:
  1114 00000170 00 00 00 00                     	RESB	4
