     1 00000000                                 ; haribote-ipl
     2 00000000                                 ; TAB=4
     3 00000000                                 
     4  = 0000000A                              CYLS	EQU		10				; ï¿½Ç‚ï¿½ï¿½Ü‚Å“Ç‚Ýï¿½ï¿½Þ‚ï¿½
     5 00000000                                 
     6                                          		ORG		0x7c00			; ï¿½ï¿½ï¿½Ìƒvï¿½ï¿½ï¿½Oï¿½ï¿½ï¿½ï¿½ï¿½ï¿½ï¿½Ç‚ï¿½ï¿½É“Ç‚Ýï¿½ï¿½Ü‚ï¿½ï¿½Ì‚ï¿½
     7 00007C00                                 
     8 00007C00                                 ; ï¿½È‰ï¿½ï¿½Í•Wï¿½ï¿½ï¿½Iï¿½ï¿½FAT12ï¿½tï¿½Hï¿½[ï¿½}ï¿½bï¿½gï¿½tï¿½ï¿½ï¿½bï¿½sï¿½[ï¿½fï¿½Bï¿½Xï¿½Nï¿½Ì‚ï¿½ï¿½ß‚Ì‹Lï¿½q
     9 00007C00                                 
    10 00007C00 EB 4E                           		JMP		entry
    11 00007C02 90                              		DB		0x90
    12 00007C03 41 4C 50 48 41 20 20 20         		DB		"ALPHA   "		; ï¿½uï¿½[ï¿½gï¿½Zï¿½Nï¿½^ï¿½Ì–ï¿½ï¿½Oï¿½ï¿½Rï¿½Éï¿½ï¿½ï¿½ï¿½Ä‚æ‚¢ï¿½i8ï¿½oï¿½Cï¿½gï¿½j
    13 00007C0B 0200                            		DW		512				; 1ï¿½Zï¿½Nï¿½^ï¿½Ì‘å‚«ï¿½ï¿½ï¿½i512ï¿½É‚ï¿½ï¿½È‚ï¿½ï¿½ï¿½Î‚ï¿½ï¿½ï¿½ï¿½È‚ï¿½ï¿½j
    14 00007C0D 01                              		DB		1				; ï¿½Nï¿½ï¿½ï¿½Xï¿½^ï¿½Ì‘å‚«ï¿½ï¿½ï¿½i1ï¿½Zï¿½Nï¿½^ï¿½É‚ï¿½ï¿½È‚ï¿½ï¿½ï¿½Î‚ï¿½ï¿½ï¿½ï¿½È‚ï¿½ï¿½j
    15 00007C0E 0001                            		DW		1				; FATï¿½ï¿½ï¿½Ç‚ï¿½ï¿½ï¿½ï¿½ï¿½nï¿½Ü‚é‚©ï¿½iï¿½ï¿½ï¿½Ê‚ï¿½1ï¿½Zï¿½Nï¿½^ï¿½Ú‚ï¿½ï¿½ï¿½É‚ï¿½ï¿½ï¿½j
    16 00007C10 02                              		DB		2				; FATï¿½ÌŒÂï¿½ï¿½i2ï¿½É‚ï¿½ï¿½È‚ï¿½ï¿½ï¿½Î‚ï¿½ï¿½ï¿½ï¿½È‚ï¿½ï¿½j
    17 00007C11 00E0                            		DW		224				; ï¿½ï¿½ï¿½[ï¿½gï¿½fï¿½Bï¿½ï¿½ï¿½Nï¿½gï¿½ï¿½ï¿½Ìˆï¿½Ì‘å‚«ï¿½ï¿½ï¿½iï¿½ï¿½ï¿½Ê‚ï¿½224ï¿½Gï¿½ï¿½ï¿½gï¿½ï¿½ï¿½É‚ï¿½ï¿½ï¿½j
    18 00007C13 0B40                            		DW		2880			; ï¿½ï¿½ï¿½Ìƒhï¿½ï¿½ï¿½Cï¿½uï¿½Ì‘å‚«ï¿½ï¿½ï¿½i2880ï¿½Zï¿½Nï¿½^ï¿½É‚ï¿½ï¿½È‚ï¿½ï¿½ï¿½Î‚ï¿½ï¿½ï¿½ï¿½È‚ï¿½ï¿½j
    19 00007C15 F0                              		DB		0xf0			; ï¿½ï¿½ï¿½fï¿½Bï¿½Aï¿½Ìƒ^ï¿½Cï¿½vï¿½i0xf0ï¿½É‚ï¿½ï¿½È‚ï¿½ï¿½ï¿½Î‚ï¿½ï¿½ï¿½ï¿½È‚ï¿½ï¿½j
    20 00007C16 0009                            		DW		9				; FATï¿½Ìˆï¿½Ì’ï¿½ï¿½ï¿½ï¿½i9ï¿½Zï¿½Nï¿½^ï¿½É‚ï¿½ï¿½È‚ï¿½ï¿½ï¿½Î‚ï¿½ï¿½ï¿½ï¿½È‚ï¿½ï¿½j
    21 00007C18 0012                            		DW		18				; 1ï¿½gï¿½ï¿½ï¿½bï¿½Nï¿½É‚ï¿½ï¿½ï¿½ï¿½Â‚ÌƒZï¿½Nï¿½^ï¿½ï¿½ï¿½ï¿½ï¿½é‚©ï¿½i18ï¿½É‚ï¿½ï¿½È‚ï¿½ï¿½ï¿½Î‚ï¿½ï¿½ï¿½ï¿½È‚ï¿½ï¿½j
    22 00007C1A 0002                            		DW		2				; ï¿½wï¿½bï¿½hï¿½Ìï¿½ï¿½i2ï¿½É‚ï¿½ï¿½È‚ï¿½ï¿½ï¿½Î‚ï¿½ï¿½ï¿½ï¿½È‚ï¿½ï¿½j
    23 00007C1C 00000000                        		DD		0				; ï¿½pï¿½[ï¿½eï¿½Bï¿½Vï¿½ï¿½ï¿½ï¿½ï¿½ï¿½gï¿½ï¿½ï¿½Ä‚È‚ï¿½ï¿½Ì‚Å‚ï¿½ï¿½ï¿½ï¿½Í•Kï¿½ï¿½0
    24 00007C20 00000B40                        		DD		2880			; ï¿½ï¿½ï¿½Ìƒhï¿½ï¿½ï¿½Cï¿½uï¿½å‚«ï¿½ï¿½ï¿½ï¿½ï¿½ï¿½ï¿½xï¿½ï¿½ï¿½ï¿½
    25 00007C24 00 00 29                        		DB		0,0,0x29		; ï¿½æ‚­ï¿½í‚©ï¿½ï¿½È‚ï¿½ï¿½ï¿½ï¿½Ç‚ï¿½ï¿½Ì’lï¿½É‚ï¿½ï¿½Ä‚ï¿½ï¿½ï¿½ï¿½Æ‚ï¿½ï¿½ï¿½ï¿½ç‚µï¿½ï¿½
    26 00007C27 FFFFFFFF                        		DD		0xffffffff		; ï¿½ï¿½ï¿½Ô‚ï¿½{ï¿½ï¿½ï¿½ï¿½ï¿½[ï¿½ï¿½ï¿½Vï¿½ï¿½ï¿½Aï¿½ï¿½ï¿½Ôï¿½
    27 00007C2B 41 4C 50 48 41 4F 53 20 20 20   		DB		"ALPHAOS    "	; ï¿½fï¿½Bï¿½Xï¿½Nï¿½Ì–ï¿½ï¿½Oï¿½i11ï¿½oï¿½Cï¿½gï¿½j
       00007C35 20 
    28 00007C36 46 41 54 31 32 20 20 20         		DB		"FAT12   "		; ï¿½tï¿½Hï¿½[ï¿½}ï¿½bï¿½gï¿½Ì–ï¿½ï¿½Oï¿½i8ï¿½oï¿½Cï¿½gï¿½j
    29 00007C3E 00 00 00 00 00 00 00 00 00 00   		RESB	18				; ï¿½Æ‚è‚ ï¿½ï¿½ï¿½ï¿½18ï¿½oï¿½Cï¿½gï¿½ï¿½ï¿½ï¿½ï¿½Ä‚ï¿½ï¿½ï¿½
       00007C48 00 00 00 00 00 00 00 00 
    30 00007C50                                 
    31 00007C50                                 ; ï¿½vï¿½ï¿½ï¿½Oï¿½ï¿½ï¿½ï¿½ï¿½{ï¿½ï¿½
    32 00007C50                                 
    33 00007C50                                 entry:
    34 00007C50 B8 0000                         		MOV		AX,0			; ï¿½ï¿½ï¿½Wï¿½Xï¿½^ï¿½ï¿½ï¿½ï¿½ï¿½ï¿½
    35 00007C53 8E D0                           		MOV		SS,AX
    36 00007C55 BC 7C00                         		MOV		SP,0x7c00
    37 00007C58 8E D8                           		MOV		DS,AX
    38 00007C5A                                 
    39 00007C5A                                 ; ï¿½fï¿½Bï¿½Xï¿½Nï¿½ï¿½Ç‚ï¿½
    40 00007C5A                                 
    41 00007C5A B8 0820                         		MOV		AX,0x0820
    42 00007C5D 8E C0                           		MOV		ES,AX
    43 00007C5F B5 00                           		MOV		CH,0			; ï¿½Vï¿½ï¿½ï¿½ï¿½ï¿½_0
    44 00007C61 B6 00                           		MOV		DH,0			; ï¿½wï¿½bï¿½h0
    45 00007C63 B1 02                           		MOV		CL,2			; ï¿½Zï¿½Nï¿½^2
    46 00007C65                                 readloop:
    47 00007C65 BE 0000                         		MOV		SI,0			; ï¿½ï¿½ï¿½sï¿½ñ”‚ð”‚ï¿½ï¿½éƒŒï¿½Wï¿½Xï¿½^
    48 00007C68                                 retry:
    49 00007C68 B4 02                           		MOV		AH,0x02			; AH=0x02 : ï¿½fï¿½Bï¿½Xï¿½Nï¿½Ç‚Ýï¿½ï¿½ï¿½
    50 00007C6A B0 01                           		MOV		AL,1			; 1ï¿½Zï¿½Nï¿½^
    51 00007C6C BB 0000                         		MOV		BX,0
    52 00007C6F B2 00                           		MOV		DL,0x00			; Aï¿½hï¿½ï¿½ï¿½Cï¿½u
    53 00007C71 CD 13                           		INT		0x13			; ï¿½fï¿½Bï¿½Xï¿½NBIOSï¿½Ä‚Ñoï¿½ï¿½
    54 00007C73 73 10                           		JNC		next			; ï¿½Gï¿½ï¿½ï¿½[ï¿½ï¿½ï¿½ï¿½ï¿½ï¿½ï¿½È‚ï¿½ï¿½ï¿½ï¿½nextï¿½ï¿½
    55 00007C75 83 C6 01                        		ADD		SI,1			; SIï¿½ï¿½1ï¿½ð‘«‚ï¿½
    56 00007C78 83 FE 05                        		CMP		SI,5			; SIï¿½ï¿½5ï¿½ï¿½ï¿½r
    57 00007C7B 73 32                           		JAE		error			; SI >= 5 ï¿½ï¿½ï¿½ï¿½ï¿½ï¿½ï¿½ï¿½errorï¿½ï¿½
    58 00007C7D B4 00                           		MOV		AH,0x00
    59 00007C7F B2 00                           		MOV		DL,0x00			; Aï¿½hï¿½ï¿½ï¿½Cï¿½u
    60 00007C81 CD 13                           		INT		0x13			; ï¿½hï¿½ï¿½ï¿½Cï¿½uï¿½Ìƒï¿½ï¿½Zï¿½bï¿½g
    61 00007C83 EB E3                           		JMP		retry
    62 00007C85                                 next:
    63 00007C85 8C C0                           		MOV		AX,ES			; ï¿½Aï¿½hï¿½ï¿½ï¿½Xï¿½ï¿½0x200ï¿½iï¿½ß‚ï¿½
    64 00007C87 05 0020                         		ADD		AX,0x0020
    65 00007C8A 8E C0                           		MOV		ES,AX			; ADD ES,0x020 ï¿½Æ‚ï¿½ï¿½ï¿½ï¿½ï¿½ï¿½ß‚ï¿½ï¿½È‚ï¿½ï¿½Ì‚Å‚ï¿½ï¿½ï¿½ï¿½ï¿½ï¿½Ä‚ï¿½ï¿½ï¿½
    66 00007C8C 80 C1 01                        		ADD		CL,1			; CLï¿½ï¿½1ï¿½ð‘«‚ï¿½
    67 00007C8F 80 F9 12                        		CMP		CL,18			; CLï¿½ï¿½18ï¿½ï¿½ï¿½r
    68 00007C92 76 D1                           		JBE		readloop		; CL <= 18 ï¿½ï¿½ï¿½ï¿½ï¿½ï¿½ï¿½ï¿½readloopï¿½ï¿½
    69 00007C94 B1 01                           		MOV		CL,1
    70 00007C96 80 C6 01                        		ADD		DH,1
    71 00007C99 80 FE 02                        		CMP		DH,2
    72 00007C9C 72 C7                           		JB		readloop		; DH < 2 ï¿½ï¿½ï¿½ï¿½ï¿½ï¿½ï¿½ï¿½readloopï¿½ï¿½
    73 00007C9E B6 00                           		MOV		DH,0
    74 00007CA0 80 C5 01                        		ADD		CH,1
    75 00007CA3 80 FD 0A                        		CMP		CH,CYLS
    76 00007CA6 72 BD                           		JB		readloop		; CH < CYLS ï¿½ï¿½ï¿½ï¿½ï¿½ï¿½ï¿½ï¿½readloopï¿½ï¿½
    77 00007CA8                                 
    78 00007CA8                                 ;ç£ç›˜è¯»å–ä¹‹åŽï¼Œè·³è½¬åˆ°alpha.sysä¸­
    79 00007CA8                                 
    80 00007CA8 88 2E 0FF0                      		MOV		[0x0ff0],CH		; IPLï¿½ï¿½ï¿½Ç‚ï¿½ï¿½Ü‚Å“Ç‚ñ‚¾‚Ì‚ï¿½ï¿½ï¿½ï¿½
    81 00007CAC E9 4551                         		JMP		0xc200
    82 00007CAF                                 
    83 00007CAF                                 error:
    84 00007CAF BE 7CC7                         		MOV		SI,msg
    85 00007CB2                                 putloop:
    86 00007CB2 8A 04                           		MOV		AL,[SI]
    87 00007CB4 83 C6 01                        		ADD		SI,1			; SIï¿½ï¿½1ï¿½ð‘«‚ï¿½
    88 00007CB7 3C 00                           		CMP		AL,0
    89 00007CB9 74 09                           		JE		fin
    90 00007CBB B4 0E                           		MOV		AH,0x0e			; ï¿½ê•¶ï¿½ï¿½ï¿½\ï¿½ï¿½ï¿½tï¿½@ï¿½ï¿½ï¿½Nï¿½Vï¿½ï¿½ï¿½ï¿½
    91 00007CBD BB 000F                         		MOV		BX,15			; ï¿½Jï¿½ï¿½ï¿½[ï¿½Rï¿½[ï¿½h
    92 00007CC0 CD 10                           		INT		0x10			; ï¿½rï¿½fï¿½IBIOSï¿½Ä‚Ñoï¿½ï¿½
    93 00007CC2 EB EE                           		JMP		putloop
    94 00007CC4                                 fin:
    95 00007CC4 F4                              		HLT						; ï¿½ï¿½ï¿½ï¿½ï¿½ï¿½ï¿½ï¿½Ü‚ï¿½CPUï¿½ï¿½ï¿½~ï¿½ï¿½ï¿½ï¿½ï¿½ï¿½
    96 00007CC5 EB FD                           		JMP		fin				; ï¿½ï¿½ï¿½ï¿½ï¿½ï¿½ï¿½[ï¿½v
    97 00007CC7                                 msg:
    98 00007CC7 0A 0A                           		DB		0x0a, 0x0a		; ï¿½ï¿½ï¿½sï¿½ï¿½2ï¿½ï¿½
    99 00007CC9 6C 6F 61 64 20 65 72 72 6F 72   		DB		"load error"
   100 00007CD3 0A                              		DB		0x0a			; ï¿½ï¿½ï¿½s
   101 00007CD4 00                              		DB		0
   102 00007CD5                                 
   103 00007CD5 00 00 00 00 00 00 00 00 00 00   		RESB	0x7dfe-$		; 0x7dfeï¿½Ü‚Å‚ï¿½0x00ï¿½Å–ï¿½ï¿½ß‚é–½ï¿½ï¿½
       00007CDF 00 00 00 00 00 00 00 00 00 00 
       00007CE9 00 00 00 00 00 00 00 00 00 00 
       00007CF3 00 00 00 00 00 00 00 00 00 00 
       00007CFD 00 00 00 00 00 00 00 00 00 00 
       00007D07 00 00 00 00 00 00 00 00 00 00 
       00007D11 00 00 00 00 00 00 00 00 00 00 
       00007D1B 00 00 00 00 00 00 00 00 00 00 
       00007D25 00 00 00 00 00 00 00 00 00 00 
       00007D2F 00 00 00 00 00 00 00 00 00 00 
       00007D39 00 00 00 00 00 00 00 00 00 00 
       00007D43 00 00 00 00 00 00 00 00 00 00 
       00007D4D 00 00 00 00 00 00 00 00 00 00 
       00007D57 00 00 00 00 00 00 00 00 00 00 
       00007D61 00 00 00 00 00 00 00 00 00 00 
       00007D6B 00 00 00 00 00 00 00 00 00 00 
       00007D75 00 00 00 00 00 00 00 00 00 00 
       00007D7F 00 00 00 00 00 00 00 00 00 00 
       00007D89 00 00 00 00 00 00 00 00 00 00 
       00007D93 00 00 00 00 00 00 00 00 00 00 
       00007D9D 00 00 00 00 00 00 00 00 00 00 
       00007DA7 00 00 00 00 00 00 00 00 00 00 
       00007DB1 00 00 00 00 00 00 00 00 00 00 
       00007DBB 00 00 00 00 00 00 00 00 00 00 
       00007DC5 00 00 00 00 00 00 00 00 00 00 
       00007DCF 00 00 00 00 00 00 00 00 00 00 
       00007DD9 00 00 00 00 00 00 00 00 00 00 
       00007DE3 00 00 00 00 00 00 00 00 00 00 
       00007DED 00 00 00 00 00 00 00 00 00 00 
       00007DF7 00 00 00 00 00 00 00 
   104 00007DFE                                 
   105 00007DFE 55 AA                           		DB		0x55, 0xaa
